<?xml version="1.0" encoding="UTF-8"?>
<testng-results ignored="0" total="1" passed="1" failed="0" skipped="0">
  <reporter-output>
  </reporter-output>
  <suite started-at="2024-07-03T07:41:14 IST" name="Default suite" finished-at="2024-07-03T07:41:29 IST" duration-ms="15318">
    <groups>
    </groups>
    <test started-at="2024-07-03T07:41:14 IST" name="Default test" finished-at="2024-07-03T07:41:29 IST" duration-ms="15318">
      <class name="Module01_LoginTest.SwagLabsTest">
        <test-method is-config="true" signature="openBrowser()[pri:0, instance:Module01_LoginTest.SwagLabsTest@6025e1b6]" started-at="2024-07-03T07:41:14 IST" name="openBrowser" finished-at="2024-07-03T07:41:16 IST" duration-ms="2092" status="PASS">
          <reporter-output>
          </reporter-output>
        </test-method> <!-- openBrowser -->
        <test-method is-config="true" signature="loginToApp()[pri:0, instance:Module01_LoginTest.SwagLabsTest@6025e1b6]" started-at="2024-07-03T07:41:16 IST" name="loginToApp" finished-at="2024-07-03T07:41:22 IST" duration-ms="6311" status="PASS">
          <reporter-output>
          </reporter-output>
        </test-method> <!-- loginToApp -->
        <test-method signature="verifyLogin()[pri:0, instance:Module01_LoginTest.SwagLabsTest@6025e1b6]" started-at="2024-07-03T07:41:22 IST" name="verifyLogin" finished-at="2024-07-03T07:41:25 IST" duration-ms="2628" status="PASS">
          <reporter-output>
          </reporter-output>
        </test-method> <!-- verifyLogin -->
        <test-method is-config="true" signature="logoutFromApp(org.testng.ITestResult)[pri:0, instance:Module01_LoginTest.SwagLabsTest@6025e1b6]" started-at="2024-07-03T07:41:25 IST" name="logoutFromApp" finished-at="2024-07-03T07:41:29 IST" duration-ms="4108" status="PASS">
          <params>
            <param index="0">
              <value>
                <![CDATA[[TestResult name=verifyLogin status=SUCCESS method=SwagLabsTest.verifyLogin()[pri:0, instance:Module01_LoginTest.SwagLabsTest@6025e1b6] output={null}]]]>
              </value>
            </param>
          </params>
          <reporter-output>
          </reporter-output>
        </test-method> <!-- logoutFromApp -->
        <test-method is-config="true" signature="closeBrowser()[pri:0, instance:Module01_LoginTest.SwagLabsTest@6025e1b6]" started-at="2024-07-03T07:41:29 IST" name="closeBrowser" finished-at="2024-07-03T07:41:29 IST" duration-ms="143" status="PASS">
          <reporter-output>
          </reporter-output>
        </test-method> <!-- closeBrowser -->
      </class> <!-- Module01_LoginTest.SwagLabsTest -->
    </test> <!-- Default test -->
  </suite> <!-- Default suite -->
</testng-results>
